<?xml version="1.0" encoding="UTF-8"?>
<!-- Generated by org.testng.reporters.JUnitReportReporter -->
<testsuite hostname="Hariom" failures="0" tests="1" name="com.flexipill.RestAssured" time="1.824" errors="0" timestamp="2024-06-04T20:07:10 IST" skipped="0">
  <testcase classname="com.flexipill.RestAssured" name="login" time="1.824"/>
  <system-out/>
</testsuite> <!-- com.flexipill.RestAssured -->
