<?xml version="1.0" encoding="UTF-8"?>
<!-- Generated by org.testng.reporters.JUnitReportReporter -->
<testsuite hostname="Hariom" failures="0" tests="3" name="com.flexipill.Flexipill_SDET_Project" time="2.453" errors="0" timestamp="2024-06-04T20:03:27 IST" skipped="0">
  <testcase classname="com.flexipill.Flexipill_SDET_Project" name="login" time="1.679"/>
  <system-out/>
  <testcase classname="com.flexipill.Flexipill_SDET_Project" name="Add_To_Cart" time="0.315"/>
  <system-out/>
  <testcase classname="com.flexipill.Flexipill_SDET_Project" name="CreateOrder" time="0.459"/>
  <system-out/>
</testsuite> <!-- com.flexipill.Flexipill_SDET_Project -->
